current directory: D:/Rails/depot/path/ruby/2.6.0/gems/puma-4.3.7/ext/puma_http11
C:/Ruby26-x64/bin/ruby.exe -I C:/Ruby26-x64/lib/ruby/site_ruby/2.6.0 -r ./siteconf20210101-6420-125j62e.rb extconf.rb
checking for whether -D_FORTIFY_SOURCE=2 is accepted as CFLAGS... yes
checking for whether -fstack-protector is accepted as LDFLAGS... yes
checking for -lssp... yes
checking for BIO_read() in -lcrypto... yes
checking for SSL_CTX_new() in -lssl... yes
checking for openssl/bio.h... yes
checking for DTLS_method() in openssl/ssl.h... yes
checking for TLS_server_method() in openssl/ssl.h... yes
checking for SSL_CTX_set_min_proto_version in openssl/ssl.h... yes
creating Makefile

current directory: D:/Rails/depot/path/ruby/2.6.0/gems/puma-4.3.7/ext/puma_http11
make "DESTDIR=" clean

current directory: D:/Rails/depot/path/ruby/2.6.0/gems/puma-4.3.7/ext/puma_http11
make "DESTDIR="
generating puma_http11-x64-mingw32.def
compiling http11_parser.c
compiling io_buffer.c
compiling mini_ssl.c
compiling puma_http11.c
linking shared-object puma/puma_http11.so

current directory: D:/Rails/depot/path/ruby/2.6.0/gems/puma-4.3.7/ext/puma_http11
make "DESTDIR=" install
/usr/bin/install -c -m 0755 puma_http11.so ./.gem.20210101-6420-1mmh3rn/puma
